<?xml version="1.0" encoding="UTF-8"?>
<!-- Generated by org.testng.reporters.JUnitReportReporter -->
<testsuite hostname="LAPTOP-QUR89UMN" failures="0" tests="1" name="testCases.TestNG_3" time="0.000" errors="0" timestamp="23 Feb 2019 16:37:15 GMT" skipped="1">
  <testcase classname="testCases.TestNG_3" name="TestDataProvider" time="0.000">
    <skipped/>
  </testcase> <!-- TestDataProvider -->
</testsuite> <!-- testCases.TestNG_3 -->
