<?xml version="1.0" encoding="UTF-8"?>
<!-- Generated by org.testng.reporters.JUnitReportReporter -->
<testsuite hostname="LAPTOP-QUR89UMN" failures="0" tests="2" name="com.workbook.Test.VerifyClass" time="19.989" errors="0" timestamp="23 Mar 2019 10:32:53 GMT" skipped="0">
  <testcase classname="com.workbook.Test.VerifyClass" name="verifyLogin" time="16.860"/>
  <testcase classname="com.workbook.Test.VerifyClass" name="Sprint" time="3.129"/>
</testsuite> <!-- com.workbook.Test.VerifyClass -->
