<?xml version="1.0" encoding="UTF-8"?>
<!-- Generated by org.testng.reporters.JUnitReportReporter -->
<testsuite hostname="LAPTOP-QUR89UMN" failures="0" tests="1" name="testCases.test_brainStormNG" time="0.000" errors="0" timestamp="26 Feb 2019 18:21:39 GMT" skipped="1">
  <testcase classname="testCases.test_brainStormNG" name="PerformAction" time="0.000">
    <skipped/>
  </testcase> <!-- PerformAction -->
</testsuite> <!-- testCases.test_brainStormNG -->
